<?xml version="1.0" encoding="UTF-8"?>
<!-- Generated by org.testng.reporters.JUnitReportReporter -->
<testsuite hostname="IN-1YD1BK3" failures="0" tests="1" name="com.zee.backend.TestPageSpeed" time="143.879" errors="0" timestamp="2022-09-22T10:42:59 IST" skipped="0">
  <testcase classname="com.zee.backend.TestPageSpeed" name="test01_ValidatePageSpeedOfArticleForWeb" time="143.879"/>
</testsuite> <!-- com.zee.backend.TestPageSpeed -->
