<?xml version="1.0" encoding="UTF-8"?>
<!-- Generated by org.testng.reporters.JUnitReportReporter -->
<testsuite hostname="IN-1YD1BK3" failures="0" tests="1" name="com.zee.web.TestWebVideoAction" time="58.076" errors="0" timestamp="2022-09-23T11:35:07 IST" skipped="0">
  <testcase classname="com.zee.web.TestWebVideoAction" name="test01_Fetch_GAorScoreCard_Request_After_PerformThePlayActionAtVideo" time="58.076"/>
</testsuite> <!-- com.zee.web.TestWebVideoAction -->
