<?xml version="1.0" encoding="UTF-8"?>
<!-- Generated by org.testng.reporters.JUnitReportReporter -->
<testsuite hostname="IN-1YD1BK3" failures="0" tests="1" name="com.zee.backend.TestWebAMPNetworkCalls" time="55.417" errors="0" timestamp="2022-09-13T20:14:23 IST" skipped="0">
  <testcase classname="com.zee.backend.TestWebAMPNetworkCalls" name="test01_Validate_GA_And_Scorecard_NetworkCalls_For_Web" time="55.417"/>
</testsuite> <!-- com.zee.backend.TestWebAMPNetworkCalls -->
