<?xml version="1.0" encoding="UTF-8"?>
<!-- Generated by org.testng.reporters.JUnitReportReporter -->
<testsuite hostname="IN-1YD1BK3" failures="0" tests="1" name="com.zee.amp.TestNetworkCallsForAMP" time="260.776" errors="0" timestamp="2022-10-05T17:10:54 IST" skipped="0">
  <testcase classname="com.zee.amp.TestNetworkCallsForAMP" name="test_Positive01_validate_GA_ScoreCard_NetworkCalls" time="260.776"/>
</testsuite> <!-- com.zee.amp.TestNetworkCallsForAMP -->
