<?xml version="1.0" encoding="UTF-8"?>
<!-- Generated by org.testng.reporters.JUnitReportReporter -->
<testsuite hostname="IN-1YD1BK3" failures="0" tests="1" name="com.zee.backend.TestWebNetworkCalls" time="26.800" errors="0" timestamp="2022-09-17T16:28:30 IST" skipped="0">
  <testcase classname="com.zee.backend.TestWebNetworkCalls" name="test01_Validate_GA_And_Scorecard_Request_AfterOpeningTheArticle_For_Web" time="26.800"/>
</testsuite> <!-- com.zee.backend.TestWebNetworkCalls -->
