<?xml version="1.0" encoding="UTF-8"?>
<!-- Generated by org.testng.reporters.JUnitReportReporter -->
<testsuite hostname="IN-1YD1BK3" failures="0" tests="1" name="com.zee.web.TestWebPhotosGallery" time="34.824" errors="0" timestamp="2022-09-16T17:10:15 IST" skipped="0">
  <testcase classname="com.zee.web.TestWebPhotosGallery" name="test01_ValidateTotalCountOfImageAtPhotoPage" time="34.824"/>
</testsuite> <!-- com.zee.web.TestWebPhotosGallery -->
